<?xml version="1.0" encoding="UTF-8"?>
<testng-results ignored="0" total="1" passed="1" failed="0" skipped="0">
  <reporter-output>
  </reporter-output>
  <suite started-at="2022-11-28T10:08:35 IST" name="Default suite" finished-at="2022-11-28T10:08:36 IST" duration-ms="41">
    <groups>
    </groups>
    <test started-at="2022-11-28T10:08:35 IST" name="Default test" finished-at="2022-11-28T10:08:36 IST" duration-ms="41">
      <class name="Java.HashSetPracticle">
        <test-method signature="removeDuplicate()[pri:0, instance:Java.HashSetPracticle@4dbb42b7]" started-at="2022-11-28T10:08:36 IST" name="removeDuplicate" finished-at="2022-11-28T10:08:36 IST" duration-ms="8" status="PASS">
          <reporter-output>
          </reporter-output>
        </test-method> <!-- removeDuplicate -->
      </class> <!-- Java.HashSetPracticle -->
    </test> <!-- Default test -->
  </suite> <!-- Default suite -->
</testng-results>
